<?xml version="1.0" encoding="UTF-8"?>
<!-- Generated by org.testng.reporters.JUnitReportReporter -->
<testsuite skipped="0" hostname="SURAJ-PC" name="com.scripts.actitime.Test_Acti_login" tests="1" failures="0" timestamp="05 Jun 2020 04:24:52 GMT" time="110.034" errors="0">
  <testcase name="login" time="110.034" classname="com.scripts.actitime.Test_Acti_login"/>
</testsuite> <!-- com.scripts.actitime.Test_Acti_login -->
